<?xml version="1.0" encoding="UTF-8"?>
<!-- Generated by org.testng.reporters.JUnitXMLReporter -->
<testsuite ignored="0" hostname="DESKTOP-9JMNIGJ" failures="0" tests="4" name="Default test" time="0.027" errors="0" timestamp="2025-12-22T12:56:45 IST">
  <testcase classname="com.TestNG.TestNgPriority" name="test1" time="0.004"/>
  <testcase classname="com.TestNG.TestNgPriority" name="test3" time="0.001"/>
  <testcase classname="com.TestNG.TestNgPriority" name="test4" time="0.0"/>
  <testcase classname="com.TestNG.TestNgPriority" name="test2" time="0.0"/>
</testsuite> <!-- Default test -->
