<?xml version="1.0" encoding="UTF-8"?>
<testng-results ignored="0" total="4" passed="4" failed="0" skipped="0">
  <reporter-output>
  </reporter-output>
  <suite started-at="2025-12-22T12:56:45 IST" name="Default suite" finished-at="2025-12-22T12:56:45 IST" duration-ms="27">
    <groups>
    </groups>
    <test started-at="2025-12-22T12:56:45 IST" name="Default test" finished-at="2025-12-22T12:56:45 IST" duration-ms="27">
      <class name="com.TestNG.TestNgPriority">
        <test-method signature="test1()[pri:0, instance:com.TestNG.TestNgPriority@188715b5]" started-at="2025-12-22T12:56:45 IST" name="test1" finished-at="2025-12-22T12:56:45 IST" duration-ms="4" status="PASS">
          <reporter-output>
          </reporter-output>
        </test-method> <!-- test1 -->
        <test-method signature="test3()[pri:1, instance:com.TestNG.TestNgPriority@188715b5]" started-at="2025-12-22T12:56:45 IST" name="test3" finished-at="2025-12-22T12:56:45 IST" duration-ms="1" status="PASS">
          <reporter-output>
          </reporter-output>
        </test-method> <!-- test3 -->
        <test-method signature="test4()[pri:2, instance:com.TestNG.TestNgPriority@188715b5]" started-at="2025-12-22T12:56:45 IST" name="test4" finished-at="2025-12-22T12:56:45 IST" duration-ms="0" status="PASS">
          <reporter-output>
          </reporter-output>
        </test-method> <!-- test4 -->
        <test-method signature="test2()[pri:3, instance:com.TestNG.TestNgPriority@188715b5]" started-at="2025-12-22T12:56:45 IST" name="test2" finished-at="2025-12-22T12:56:45 IST" duration-ms="0" status="PASS">
          <reporter-output>
          </reporter-output>
        </test-method> <!-- test2 -->
      </class> <!-- com.TestNG.TestNgPriority -->
    </test> <!-- Default test -->
  </suite> <!-- Default suite -->
</testng-results>
