<?xml version="1.0" encoding="UTF-8"?>
<!-- Generated by org.testng.reporters.JUnitReportReporter -->
<testsuite hostname="DESKTOP-9JMNIGJ" failures="0" tests="4" name="com.TestNG.TestNgPriority" time="0.005" errors="0" timestamp="2025-12-22T12:56:45 IST" skipped="0">
  <testcase classname="com.TestNG.TestNgPriority" name="test1" time="0.004"/>
  <testcase classname="com.TestNG.TestNgPriority" name="test3" time="0.001"/>
  <testcase classname="com.TestNG.TestNgPriority" name="test4" time="0.000"/>
  <testcase classname="com.TestNG.TestNgPriority" name="test2" time="0.000"/>
</testsuite> <!-- com.TestNG.TestNgPriority -->
